<?xml version="1.0" encoding="utf-8"?><testsuites name="pytest tests"><testsuite name="pytest" errors="0" failures="1" skipped="0" tests="18" time="5.410" timestamp="2026-05-10T00:05:06.503097+00:00" hostname="agent-env-de9b64e5-5005-4558-b2b8-8545dd4a1df8"><testcase classname="backend.tests.test_wwembed_extra" name="test_forgot_password_anti_enumeration" time="0.263" /><testcase classname="backend.tests.test_wwembed_extra" name="test_forgot_password_admin_email" time="0.361" /><testcase classname="backend.tests.test_wwembed_extra" name="test_reset_password_invalid_token" time="0.129" /><testcase classname="backend.tests.test_wwembed_extra" name="test_embed_route_responds[live-ww-live-test-channel]" time="0.179" /><testcase classname="backend.tests.test_wwembed_extra" name="test_embed_route_responds[ebook-ww-ebook-test-1]" time="0.294" /><testcase classname="backend.tests.test_wwembed_extra" name="test_embed_route_responds[music-ww-music-test-1]" time="0.380" /><testcase classname="backend.tests.test_wwembed_extra" name="test_embed_route_responds[digital-ww-digital-test-1]" time="0.499"><failure message="AssertionError: digital: 400 {&quot;error&quot;:&quot;Invalid digital content WW ID format&quot;}&#10;assert 400 in (200, 404)&#10; +  where 400 = &lt;Response [400]&gt;.status_code">backend/tests/test_wwembed_extra.py:86: in test_embed_route_responds
    assert r.status_code in (200, 404), f"{route}: {r.status_code} {r.text[:200]}"
E   AssertionError: digital: 400 {"error":"Invalid digital content WW ID format"}
E   assert 400 in (200, 404)
E    +  where 400 = &lt;Response [400]&gt;.status_code</failure></testcase><testcase classname="backend.tests.test_wwembed_extra" name="test_embed_route_invalid_prefix_400" time="0.583" /><testcase classname="backend.tests.test_wwembed_extra" name="test_public_stats_endpoint" time="0.799" /><testcase classname="backend.tests.test_wwembed_extra" name="test_admin_stats_requires_auth" time="0.316" /><testcase classname="backend.tests.test_wwembed_extra" name="test_admin_stats_with_admin_session" time="0.506" /><testcase classname="backend.tests.test_wwembed_extra" name="test_openapi_spec" time="0.178" /><testcase classname="backend.tests.test_wwembed_extra" name="test_frontend_page_no_5xx[/]" time="0.145" /><testcase classname="backend.tests.test_wwembed_extra" name="test_frontend_page_no_5xx[/auth/login]" time="0.140" /><testcase classname="backend.tests.test_wwembed_extra" name="test_frontend_page_no_5xx[/auth/sign-up]" time="0.136" /><testcase classname="backend.tests.test_wwembed_extra" name="test_frontend_page_no_5xx[/auth/forgot-password]" time="0.132" /><testcase classname="backend.tests.test_wwembed_extra" name="test_frontend_page_no_5xx[/docs]" time="0.151" /><testcase classname="backend.tests.test_wwembed_extra" name="test_frontend_page_no_5xx[/embed/ww-movie-617120]" time="0.124" /></testsuite></testsuites>