<?xml version="1.0" encoding="utf-8"?><testsuites name="pytest tests"><testsuite name="pytest" errors="0" failures="0" skipped="0" tests="14" time="4.297" timestamp="2026-05-09T01:05:07.730683+00:00" hostname="agent-env-0151cd43-a485-4da9-bacc-1ea74d776ad1"><testcase classname="backend.tests.test_wwembed_api" name="test_health" time="0.117" /><testcase classname="backend.tests.test_wwembed_api" name="test_homepage_html_200" time="0.170" /><testcase classname="backend.tests.test_wwembed_api" name="test_register_creates_user" time="0.237" /><testcase classname="backend.tests.test_wwembed_api" name="test_login_admin_sets_cookie" time="0.216" /><testcase classname="backend.tests.test_wwembed_api" name="test_login_invalid_credentials_returns_401" time="0.153" /><testcase classname="backend.tests.test_wwembed_api" name="test_me_returns_admin" time="0.398" /><testcase classname="backend.tests.test_wwembed_api" name="test_logout_clears_cookies" time="0.548" /><testcase classname="backend.tests.test_wwembed_api" name="test_streaming_html" time="0.595" /><testcase classname="backend.tests.test_wwembed_api" name="test_download_html" time="0.217" /><testcase classname="backend.tests.test_wwembed_api" name="test_links_json" time="0.372" /><testcase classname="backend.tests.test_wwembed_api" name="test_search_tmdb" time="0.401" /><testcase classname="backend.tests.test_wwembed_api" name="test_media_movie_detail" time="0.299" /><testcase classname="backend.tests.test_wwembed_api" name="test_db_anonymous_select_live_tv_channels" time="0.300" /><testcase classname="backend.tests.test_wwembed_api" name="test_db_disallowed_users_table_returns_403" time="0.147" /></testsuite></testsuites>