<?xml version="1.0" encoding="utf-8"?><testsuites name="pytest tests"><testsuite name="pytest" errors="0" failures="0" skipped="0" tests="32" time="9.182" timestamp="2026-05-10T00:05:23.554781+00:00" hostname="agent-env-de9b64e5-5005-4558-b2b8-8545dd4a1df8"><testcase classname="backend.tests.test_wwembed_api" name="test_health" time="0.135" /><testcase classname="backend.tests.test_wwembed_api" name="test_homepage_html_200" time="0.144" /><testcase classname="backend.tests.test_wwembed_api" name="test_register_creates_user" time="0.242" /><testcase classname="backend.tests.test_wwembed_api" name="test_login_admin_sets_cookie" time="0.217" /><testcase classname="backend.tests.test_wwembed_api" name="test_login_invalid_credentials_returns_401" time="0.158" /><testcase classname="backend.tests.test_wwembed_api" name="test_me_returns_admin" time="0.306" /><testcase classname="backend.tests.test_wwembed_api" name="test_logout_clears_cookies" time="0.350" /><testcase classname="backend.tests.test_wwembed_api" name="test_streaming_html" time="0.297" /><testcase classname="backend.tests.test_wwembed_api" name="test_download_html" time="0.300" /><testcase classname="backend.tests.test_wwembed_api" name="test_links_json" time="0.530" /><testcase classname="backend.tests.test_wwembed_api" name="test_search_tmdb" time="0.288" /><testcase classname="backend.tests.test_wwembed_api" name="test_media_movie_detail" time="0.345" /><testcase classname="backend.tests.test_wwembed_api" name="test_db_anonymous_select_live_tv_channels" time="0.400" /><testcase classname="backend.tests.test_wwembed_api" name="test_db_disallowed_users_table_returns_403" time="0.143" /><testcase classname="backend.tests.test_wwembed_extra" name="test_forgot_password_anti_enumeration" time="0.255" /><testcase classname="backend.tests.test_wwembed_extra" name="test_forgot_password_admin_email" time="0.346" /><testcase classname="backend.tests.test_wwembed_extra" name="test_reset_password_invalid_token" time="0.130" /><testcase classname="backend.tests.test_wwembed_extra" name="test_embed_route_responds[live-ww-live-test-channel]" time="0.178" /><testcase classname="backend.tests.test_wwembed_extra" name="test_embed_route_responds[ebook-ww-ebook-test-1]" time="0.278" /><testcase classname="backend.tests.test_wwembed_extra" name="test_embed_route_responds[music-ww-music-test-1]" time="0.396" /><testcase classname="backend.tests.test_wwembed_extra" name="test_embed_route_responds[digital-ww-software-test-1]" time="0.571" /><testcase classname="backend.tests.test_wwembed_extra" name="test_embed_route_invalid_prefix_400" time="0.499" /><testcase classname="backend.tests.test_wwembed_extra" name="test_public_stats_endpoint" time="0.520" /><testcase classname="backend.tests.test_wwembed_extra" name="test_admin_stats_requires_auth" time="0.397" /><testcase classname="backend.tests.test_wwembed_extra" name="test_admin_stats_with_admin_session" time="0.617" /><testcase classname="backend.tests.test_wwembed_extra" name="test_openapi_spec" time="0.129" /><testcase classname="backend.tests.test_wwembed_extra" name="test_frontend_page_no_5xx[/]" time="0.136" /><testcase classname="backend.tests.test_wwembed_extra" name="test_frontend_page_no_5xx[/auth/login]" time="0.218" /><testcase classname="backend.tests.test_wwembed_extra" name="test_frontend_page_no_5xx[/auth/sign-up]" time="0.135" /><testcase classname="backend.tests.test_wwembed_extra" name="test_frontend_page_no_5xx[/auth/forgot-password]" time="0.133" /><testcase classname="backend.tests.test_wwembed_extra" name="test_frontend_page_no_5xx[/docs]" time="0.134" /><testcase classname="backend.tests.test_wwembed_extra" name="test_frontend_page_no_5xx[/embed/ww-movie-617120]" time="0.133" /></testsuite></testsuites>